model-android/AUTHORS.txt
model-android/LICENSE.txt
model-android/README
model-android/am/final.mdl
model-android/conf/mfcc.conf
model-android/conf/model.conf
model-android/graph/Gr.fst
model-android/graph/HCLr.fst
model-android/graph/disambig_tid.int
model-android/graph/phones.txt
model-android/graph/phones/align_lexicon.int
model-android/graph/phones/align_lexicon.txt
model-android/graph/phones/disambig.int
model-android/graph/phones/disambig.txt
model-android/graph/phones/optional_silence.csl
model-android/graph/phones/optional_silence.int
model-android/graph/phones/optional_silence.txt
model-android/graph/phones/silence.csl
model-android/graph/phones/word_boundary.int
model-android/graph/phones/word_boundary.txt
model-android/graph/words.txt
model-android/ivector/final.dubm
model-android/ivector/final.ie
model-android/ivector/final.mat
model-android/ivector/global_cmvn.stats
model-android/ivector/online_cmvn.conf
model-android/ivector/splice.conf